<?xml version="1.0" encoding="UTF-8"?>
<!-- Generated by org.testng.reporters.JUnitReportReporter -->
<testsuite hostname="sravankumarc" failures="0" tests="1" name="com.crm.vtiger.testcases.CreateOrganisationTest" time="15.114" errors="0" timestamp="2022-10-21T00:02:58 IST" skipped="0">
  <testcase classname="com.crm.vtiger.testcases.CreateOrganisationTest" name="createOrganisationTest" time="15.114"/>
  <system-out/>
</testsuite> <!-- com.crm.vtiger.testcases.CreateOrganisationTest -->
