<?xml version="1.0" encoding="UTF-8"?>
<!-- Generated by org.testng.reporters.JUnitReportReporter -->
<testsuite hostname="sravankumarc" failures="0" tests="1" name="com.crm.vtigertestcases.Utility.CreateContactWithOrgnameTest" time="34.184" errors="0" timestamp="2022-10-21T00:39:27 IST" skipped="0">
  <testcase classname="com.crm.vtigertestcases.Utility.CreateContactWithOrgnameTest" name="createConWithOrgnameTest" time="34.184"/>
  <system-out/>
</testsuite> <!-- com.crm.vtigertestcases.Utility.CreateContactWithOrgnameTest -->
