<?xml version="1.0" encoding="UTF-8"?>
<!-- Generated by org.testng.reporters.JUnitReportReporter -->
<testsuite hostname="sravankumarc" failures="0" tests="1" name="com.extentReports.ExtReport" time="6.554" errors="0" timestamp="2022-11-03T21:31:24 IST" skipped="0">
  <testcase classname="com.extentReports.ExtReport" name="extentReport" time="6.554"/>
  <system-out/>
</testsuite> <!-- com.extentReports.ExtReport -->
