<?xml version="1.0" encoding="UTF-8"?>
<!-- Generated by org.testng.reporters.JUnitReportReporter -->
<testsuite hostname="sravankumarc" failures="0" tests="1" name="com.crm.vtiger.testcases.CreateContactWithOrgNameTest" time="27.720" errors="0" timestamp="2023-02-06T17:39:45 IST" skipped="0">
  <testcase classname="com.crm.vtiger.testcases.CreateContactWithOrgNameTest" name="createConWithOrgNametest" time="27.720"/>
  <system-out/>
</testsuite> <!-- com.crm.vtiger.testcases.CreateContactWithOrgNameTest -->
