<?xml version="1.0" encoding="UTF-8"?>
<!-- Generated by org.testng.reporters.JUnitReportReporter -->
<testsuite hostname="sravankumarc" failures="0" tests="1" name="demo.ReadFromXmlTest" time="0.009" errors="0" timestamp="2022-12-29T14:52:47 IST" skipped="0">
  <testcase classname="demo.ReadFromXmlTest" name="readD" time="0.009"/>
  <system-out/>
</testsuite> <!-- demo.ReadFromXmlTest -->
