<?xml version="1.0" encoding="UTF-8"?>
<!-- Generated by org.testng.reporters.JUnitReportReporter -->
<testsuite hostname="sravankumarc" failures="0" tests="1" name="testNg.prac.Group2" time="0.010" errors="0" timestamp="2023-01-02T20:48:58 IST" skipped="0">
  <testcase classname="testNg.prac.Group2" name="m2" time="0.010"/>
  <system-out/>
</testsuite> <!-- testNg.prac.Group2 -->
