<?xml version="1.0" encoding="UTF-8"?>
<!-- Generated by org.testng.reporters.JUnitReportReporter -->
<testsuite hostname="sravankumarc" failures="0" tests="2" name="testNg.prac.Flipkart" time="122.566" errors="0" timestamp="2022-10-21T10:01:06 IST" skipped="0">
  <testcase classname="testNg.prac.Flipkart" name="amazon" time="27.029"/>
  <system-out/>
  <testcase classname="testNg.prac.Flipkart" name="flipkart" time="95.537"/>
  <system-out/>
</testsuite> <!-- testNg.prac.Flipkart -->
