<?xml version="1.0" encoding="UTF-8"?>
<!-- Generated by org.testng.reporters.JUnitReportReporter -->
<testsuite hostname="sravankumarc" failures="0" tests="1" name="com.crm.vtiger.testcases.CreateOrganisationwithIndustrytypeTest" time="20.949" errors="0" timestamp="2022-10-21T00:02:58 IST" skipped="0">
  <testcase classname="com.crm.vtiger.testcases.CreateOrganisationwithIndustrytypeTest" name="createOrganisationWithIndustryType" time="20.949"/>
  <system-out/>
</testsuite> <!-- com.crm.vtiger.testcases.CreateOrganisationwithIndustrytypeTest -->
