<?xml version="1.0" encoding="UTF-8"?>
<!-- Generated by org.testng.reporters.JUnitReportReporter -->
<testsuite hostname="sravankumarc" failures="0" tests="2" name="testNg.prac.InvocationClass" time="0.014" errors="0" timestamp="2023-01-02T19:43:08 IST" skipped="0">
  <testcase classname="testNg.prac.InvocationClass" name="invocation" time="0.002"/>
  <system-out/>
  <testcase classname="testNg.prac.InvocationClass" name="invocation" time="0.012"/>
  <system-out/>
</testsuite> <!-- testNg.prac.InvocationClass -->
