<?xml version="1.0" encoding="UTF-8"?>
<!-- Generated by org.testng.reporters.JUnitReportReporter -->
<testsuite hostname="sravankumarc" failures="0" tests="5" name="testNg.prac.Priority" time="0.017" errors="0" timestamp="2023-01-02T19:48:44 IST" skipped="0">
  <testcase classname="testNg.prac.Priority" name="b" time="0.001"/>
  <system-out/>
  <testcase classname="testNg.prac.Priority" name="e" time="0.002"/>
  <system-out/>
  <testcase classname="testNg.prac.Priority" name="a" time="0.011"/>
  <system-out/>
  <testcase classname="testNg.prac.Priority" name="d" time="0.001"/>
  <system-out/>
  <testcase classname="testNg.prac.Priority" name="c" time="0.002"/>
  <system-out/>
</testsuite> <!-- testNg.prac.Priority -->
