<?xml version="1.0" encoding="UTF-8"?>
<!-- Generated by org.testng.reporters.JUnitReportReporter -->
<testsuite hostname="sravankumarc" failures="0" tests="1" name="demo.Vtiger1test" time="0.011" errors="0" timestamp="2022-11-07T10:27:57 IST" skipped="0">
  <testcase classname="demo.Vtiger1test" name="readingDatafromCmd" time="0.011"/>
  <system-out/>
</testsuite> <!-- demo.Vtiger1test -->
