<?xml version="1.0" encoding="UTF-8"?>
<!-- Generated by org.testng.reporters.JUnitReportReporter -->
<testsuite hostname="sravankumarc" failures="0" tests="1" name="jdbc.practice.InsertDataIntoDBTest" time="0.222" errors="0" timestamp="2022-09-16T16:47:31 IST" skipped="0">
  <testcase classname="jdbc.practice.InsertDataIntoDBTest" name="insertDataIntoDBTest" time="0.222"/>
  <system-out/>
</testsuite> <!-- jdbc.practice.InsertDataIntoDBTest -->
