<?xml version="1.0" encoding="UTF-8"?>
<!-- Generated by org.testng.reporters.JUnitReportReporter -->
<testsuite hostname="sravankumarc" failures="0" tests="2" name="testNg.prac.Flipkart" time="9.787" errors="0" timestamp="2022-10-21T00:43:17 IST" skipped="0">
  <testcase classname="testNg.prac.Flipkart" name="flipkart" time="3.430"/>
  <system-out/>
  <testcase classname="testNg.prac.Flipkart" name="amazon" time="6.357"/>
  <system-out/>
</testsuite> <!-- testNg.prac.Flipkart -->
