<?xml version="1.0" encoding="UTF-8"?>
<!-- Generated by org.testng.reporters.JUnitReportReporter -->
<testsuite hostname="sravankumarc" failures="0" tests="1" name="demo.ReadDatafromXmlTest" time="0.013" errors="0" timestamp="2022-12-29T14:41:34 IST" skipped="0">
  <testcase classname="demo.ReadDatafromXmlTest" name="readDatafromtest" time="0.013"/>
  <system-out/>
</testsuite> <!-- demo.ReadDatafromXmlTest -->
