<?xml version="1.0" encoding="UTF-8"?>
<!-- Generated by org.testng.reporters.JUnitReportReporter -->
<testsuite hostname="sravankumarc" failures="0" tests="1" name="jdbc.practice.ReaddatafromDB" time="0.379" errors="0" timestamp="2022-10-27T12:47:52 IST" skipped="0">
  <testcase classname="jdbc.practice.ReaddatafromDB" name="readDataTest" time="0.379"/>
  <system-out/>
</testsuite> <!-- jdbc.practice.ReaddatafromDB -->
