<?xml version="1.0" encoding="UTF-8"?>
<!-- Generated by org.testng.reporters.JUnitReportReporter -->
<testsuite hostname="sravankumarc" failures="0" tests="1" name="demo.Binmile" time="0.009" errors="0" timestamp="2022-10-31T20:03:13 IST" skipped="0">
  <testcase classname="demo.Binmile" name="binMile" time="0.009"/>
  <system-out/>
</testsuite> <!-- demo.Binmile -->
