<?xml version="1.0" encoding="UTF-8"?>
<!-- Generated by org.testng.reporters.JUnitReportReporter -->
<testsuite hostname="sravankumarc" failures="0" tests="1" name="jdbc.practice.ReaddatafromDB" time="0.252" errors="0" timestamp="2022-09-16T16:20:57 IST" skipped="0">
  <testcase classname="jdbc.practice.ReaddatafromDB" name="readDataTest" time="0.252"/>
  <system-out/>
</testsuite> <!-- jdbc.practice.ReaddatafromDB -->
