<?xml version="1.0" encoding="UTF-8"?>
<!-- Generated by org.testng.reporters.JUnitReportReporter -->
<testsuite hostname="sravankumarc" failures="0" tests="1" name="com.crm.vtigertestcases.Utility2.copy.CreateContactWithOrgnameTest" time="27.215" errors="0" timestamp="2022-11-22T16:44:54 IST" skipped="0">
  <testcase classname="com.crm.vtigertestcases.Utility2.copy.CreateContactWithOrgnameTest" name="createContactWithOrgName" time="27.215"/>
  <system-out/>
</testsuite> <!-- com.crm.vtigertestcases.Utility2.copy.CreateContactWithOrgnameTest -->
