<?xml version="1.0" encoding="UTF-8"?>
<!-- Generated by org.testng.reporters.JUnitReportReporter -->
<testsuite hostname="sravankumarc" failures="0" tests="1" name="testNg.prac.Group3" time="0.009" errors="0" timestamp="2023-01-02T20:47:49 IST" skipped="0">
  <testcase classname="testNg.prac.Group3" name="m3" time="0.009"/>
  <system-out/>
</testsuite> <!-- testNg.prac.Group3 -->
