<?xml version="1.0" encoding="UTF-8"?>
<!-- Generated by org.testng.reporters.JUnitReportReporter -->
<testsuite hostname="sravankumarc" failures="0" tests="1" name="demo.ReadDatafromXml" time="0.010" errors="0" timestamp="2022-12-29T14:53:46 IST" skipped="0">
  <testcase classname="demo.ReadDatafromXml" name="readData" time="0.010"/>
  <system-out/>
</testsuite> <!-- demo.ReadDatafromXml -->
