<?xml version="1.0" encoding="UTF-8"?>
<!-- Generated by org.testng.reporters.JUnitReportReporter -->
<testsuite hostname="sravankumarc" failures="0" tests="2" name="testNg.prac.Sample" time="0.014" errors="0" timestamp="2022-10-11T13:32:13 IST" skipped="0">
  <testcase classname="testNg.prac.Sample" name="A" time="0.009"/>
  <system-out/>
  <testcase classname="testNg.prac.Sample" name="a" time="0.005"/>
  <system-out/>
</testsuite> <!-- testNg.prac.Sample -->
