<?xml version="1.0" encoding="UTF-8"?>
<!-- Generated by org.testng.reporters.JUnitReportReporter -->
<testsuite hostname="sravankumarc" failures="0" tests="2" name="testNg.prac.Parall" time="23.973" errors="0" timestamp="2023-02-14T15:21:25 IST" skipped="0">
  <testcase classname="testNg.prac.Parall" name="m1" time="13.201"/>
  <system-out/>
  <testcase classname="testNg.prac.Parall" name="m2" time="10.772"/>
  <system-out/>
</testsuite> <!-- testNg.prac.Parall -->
