<?xml version="1.0" encoding="UTF-8"?>
<!-- Generated by org.testng.reporters.JUnitReportReporter -->
<testsuite hostname="sravankumarc" failures="0" tests="1" name="demo.ReadDatafromCmdTest" time="0.011" errors="0" timestamp="2022-10-31T17:13:43 IST" skipped="0">
  <testcase classname="demo.ReadDatafromCmdTest" name="readDataTest" time="0.011"/>
  <system-out/>
</testsuite> <!-- demo.ReadDatafromCmdTest -->
