<?xml version="1.0" encoding="UTF-8"?>
<!-- Generated by org.testng.reporters.JUnitReportReporter -->
<testsuite hostname="sravankumarc" failures="0" tests="2" name="testNg.prac.Flipkart" time="111.506" errors="0" timestamp="2022-10-21T14:42:01 IST" skipped="0">
  <testcase classname="testNg.prac.Flipkart" name="amazon" time="102.628"/>
  <system-out/>
  <testcase classname="testNg.prac.Flipkart" name="amazon" time="8.878"/>
  <system-out/>
</testsuite> <!-- testNg.prac.Flipkart -->
