<?xml version="1.0" encoding="UTF-8"?>
<!-- Generated by org.testng.reporters.JUnitReportReporter -->
<testsuite hostname="sravankumarc" failures="0" tests="1" name="com.crm.vtigertestcases.Utility2.copy.CreateOrganisationOnly" time="20.068" errors="0" timestamp="2022-10-20T23:55:35 IST" skipped="0">
  <testcase classname="com.crm.vtigertestcases.Utility2.copy.CreateOrganisationOnly" name="createOrganisationOnly" time="20.068"/>
  <system-out/>
</testsuite> <!-- com.crm.vtigertestcases.Utility2.copy.CreateOrganisationOnly -->
