<?xml version="1.0" encoding="UTF-8"?>
<!-- Generated by org.testng.reporters.JUnitReportReporter -->
<testsuite hostname="sravankumarc" failures="0" tests="1" name="com.crm.vtiger.testcases.CreateContactWithOrgNameTest" time="27.056" errors="0" timestamp="2022-10-24T11:39:06 IST" skipped="0">
  <testcase classname="com.crm.vtiger.testcases.CreateContactWithOrgNameTest" name="createConWithOrgNametest" time="27.056"/>
  <system-out/>
</testsuite> <!-- com.crm.vtiger.testcases.CreateContactWithOrgNameTest -->
