<?xml version="1.0" encoding="UTF-8"?>
<!-- Generated by org.testng.reporters.JUnitReportReporter -->
<testsuite hostname="sravankumarc" failures="0" tests="1" name="com.crm.vtigertestcases.Utility.CreateContactWithOrgnameTest" time="39.630" errors="0" timestamp="2022-11-01T17:17:39 IST" skipped="0">
  <testcase classname="com.crm.vtigertestcases.Utility.CreateContactWithOrgnameTest" name="createConWithOrgnameTest" time="39.630"/>
  <system-out/>
</testsuite> <!-- com.crm.vtigertestcases.Utility.CreateContactWithOrgnameTest -->
