<?xml version="1.0" encoding="UTF-8"?>
<!-- Generated by org.testng.reporters.JUnitReportReporter -->
<testsuite hostname="sravankumarc" failures="0" tests="4" name="testNg.prac.DataProvide" time="0.023" errors="0" timestamp="2022-10-14T12:48:40 IST" skipped="0">
  <testcase classname="testNg.prac.DataProvide" name="getData" time="0.002"/>
  <system-out/>
  <testcase classname="testNg.prac.DataProvide" name="getData" time="0.002"/>
  <system-out/>
  <testcase classname="testNg.prac.DataProvide" name="getData" time="0.017"/>
  <system-out/>
  <testcase classname="testNg.prac.DataProvide" name="getData" time="0.002"/>
  <system-out/>
</testsuite> <!-- testNg.prac.DataProvide -->
