<?xml version="1.0" encoding="UTF-8"?>
<!-- Generated by org.testng.reporters.JUnitReportReporter -->
<testsuite hostname="sravankumarc" failures="0" tests="1" name="demo.ReadDatafromCmdTest" time="0.010" errors="0" timestamp="2022-11-07T09:36:40 IST" skipped="0">
  <testcase classname="demo.ReadDatafromCmdTest" name="readDataTest" time="0.010"/>
  <system-out/>
</testsuite> <!-- demo.ReadDatafromCmdTest -->
