<?xml version="1.0" encoding="UTF-8"?>
<!-- Generated by org.testng.reporters.JUnitReportReporter -->
<testsuite hostname="sravankumarc" failures="0" tests="4" name="testNg.prac.DataProvide" time="0.027" errors="0" timestamp="2022-10-21T13:03:29 IST" skipped="0">
  <testcase classname="testNg.prac.DataProvide" name="getData" time="0.001"/>
  <system-out/>
  <testcase classname="testNg.prac.DataProvide" name="getData" time="0.013"/>
  <system-out/>
  <testcase classname="testNg.prac.DataProvide" name="getData" time="0.005"/>
  <system-out/>
  <testcase classname="testNg.prac.DataProvide" name="getData" time="0.008"/>
  <system-out/>
</testsuite> <!-- testNg.prac.DataProvide -->
