<?xml version="1.0" encoding="UTF-8"?>
<!-- Generated by org.testng.reporters.JUnitReportReporter -->
<testsuite hostname="sravankumarc" failures="0" tests="1" name="demo.ReadDataFromCommandPrompt" time="0.011" errors="0" timestamp="2022-11-06T18:05:12 IST" skipped="0">
  <testcase classname="demo.ReadDataFromCommandPrompt" name="readData" time="0.011"/>
  <system-out/>
</testsuite> <!-- demo.ReadDataFromCommandPrompt -->
