<?xml version="1.0" encoding="UTF-8"?>
<!-- Generated by org.testng.reporters.JUnitReportReporter -->
<testsuite hostname="sravankumarc" failures="0" tests="1" name="com.crm.vtigertestcases.Utility2.copy.CreateOrganisationOnly" time="13.996" errors="0" timestamp="2022-10-18T12:22:49 IST" skipped="0">
  <testcase classname="com.crm.vtigertestcases.Utility2.copy.CreateOrganisationOnly" name="createOrganisationOnly" time="13.996"/>
  <system-out/>
</testsuite> <!-- com.crm.vtigertestcases.Utility2.copy.CreateOrganisationOnly -->
