<?xml version="1.0" encoding="UTF-8"?>
<!-- Generated by org.testng.reporters.JUnitReportReporter -->
<testsuite hostname="sravankumarc" failures="0" tests="3" name="testNg.prac.DataProvid" time="0.015" errors="0" timestamp="2022-10-14T11:59:08 IST" skipped="0">
  <testcase classname="testNg.prac.DataProvid" name="bookTicket" time="0.001"/>
  <system-out/>
  <testcase classname="testNg.prac.DataProvid" name="bookTicket" time="0.001"/>
  <system-out/>
  <testcase classname="testNg.prac.DataProvid" name="bookTicket" time="0.013"/>
  <system-out/>
</testsuite> <!-- testNg.prac.DataProvid -->
