<?xml version="1.0" encoding="UTF-8"?>
<!-- Generated by org.testng.reporters.JUnitReportReporter -->
<testsuite hostname="sravankumarc" failures="0" tests="1" name="demo.VtigerSravantest" time="0.010" errors="0" timestamp="2022-11-07T10:33:30 IST" skipped="0">
  <testcase classname="demo.VtigerSravantest" name="readingDatafromCmd" time="0.010"/>
  <system-out/>
</testsuite> <!-- demo.VtigerSravantest -->
