<?xml version="1.0" encoding="UTF-8"?>
<!-- Generated by org.testng.reporters.JUnitReportReporter -->
<testsuite hostname="sravankumarc" failures="0" tests="1" name="demo.ReadFromXml" time="0.008" errors="0" timestamp="2022-12-29T14:49:13 IST" skipped="0">
  <testcase classname="demo.ReadFromXml" name="readD" time="0.008"/>
  <system-out/>
</testsuite> <!-- demo.ReadFromXml -->
