<?xml version="1.0" encoding="UTF-8"?>
<!-- Generated by org.testng.reporters.JUnitReportReporter -->
<testsuite hostname="sravankumarc" failures="0" tests="1" name="com.crm.vtiger.testcases.CreateContactWithOrgNameTest" time="26.142" errors="0" timestamp="2022-10-21T00:02:58 IST" skipped="0">
  <testcase classname="com.crm.vtiger.testcases.CreateContactWithOrgNameTest" name="createConWithOrgNametest" time="26.142"/>
  <system-out/>
</testsuite> <!-- com.crm.vtiger.testcases.CreateContactWithOrgNameTest -->
