<?xml version="1.0" encoding="UTF-8"?>
<!-- Generated by org.testng.reporters.JUnitReportReporter -->
<testsuite hostname="sravankumarc" failures="0" tests="1" name="com.extentReports.ExtentReports" time="16.318" errors="0" timestamp="2022-11-01T13:19:22 IST" skipped="0">
  <testcase classname="com.extentReports.ExtentReports" name="createReport" time="16.318"/>
  <system-out/>
</testsuite> <!-- com.extentReports.ExtentReports -->
