<?xml version="1.0" encoding="UTF-8"?>
<!-- Generated by org.testng.reporters.JUnitReportReporter -->
<testsuite hostname="sravankumarc" failures="0" tests="3" name="com.crm.vtigertestcases.Utility2.copy.Sample" time="0.018" errors="0" timestamp="2022-10-16T10:38:05 IST" skipped="0">
  <testcase classname="com.crm.vtigertestcases.Utility2.copy.Sample" name="test3" time="0.016"/>
  <system-out/>
  <testcase classname="com.crm.vtigertestcases.Utility2.copy.Sample" name="test1" time="0.001"/>
  <system-out/>
  <testcase classname="com.crm.vtigertestcases.Utility2.copy.Sample" name="test2" time="0.001"/>
  <system-out/>
</testsuite> <!-- com.crm.vtigertestcases.Utility2.copy.Sample -->
