<?xml version="1.0" encoding="UTF-8"?>
<!-- Generated by org.testng.reporters.JUnitReportReporter -->
<testsuite hostname="sravankumarc" failures="0" tests="1" name="com.crm.vtiger.testcases.CreateOrganisationTest" time="14.064" errors="0" timestamp="2022-10-19T11:44:51 IST" skipped="0">
  <testcase classname="com.crm.vtiger.testcases.CreateOrganisationTest" name="createOrganisationTest" time="14.064"/>
  <system-out/>
</testsuite> <!-- com.crm.vtiger.testcases.CreateOrganisationTest -->
