<?xml version="1.0" encoding="UTF-8"?>
<!-- Generated by org.testng.reporters.JUnitReportReporter -->
<testsuite hostname="sravankumarc" failures="0" tests="1" name="com.extentReports.ExtReport1" time="5.764" errors="0" timestamp="2022-11-13T20:33:47 IST" skipped="0">
  <testcase classname="com.extentReports.ExtReport1" name="extReport" time="5.764"/>
  <system-out/>
</testsuite> <!-- com.extentReports.ExtReport1 -->
