<?xml version="1.0" encoding="UTF-8"?>
<!-- Generated by org.testng.reporters.JUnitReportReporter -->
<testsuite hostname="sravankumarc" failures="0" tests="1" name="demo.Vtiger1" time="0.013" errors="0" timestamp="2022-11-07T09:57:17 IST" skipped="0">
  <testcase classname="demo.Vtiger1" name="readingDatafromCmd" time="0.013"/>
  <system-out/>
</testsuite> <!-- demo.Vtiger1 -->
