<?xml version="1.0" encoding="UTF-8"?>
<!-- Generated by org.testng.reporters.JUnitReportReporter -->
<testsuite hostname="sravankumarc" failures="0" tests="1" name="demo.ReadDatafromCmdTest" time="0.013" errors="0" timestamp="2022-09-15T17:28:12 IST" skipped="0">
  <testcase classname="demo.ReadDatafromCmdTest" name="readDataTest" time="0.013"/>
  <system-out/>
</testsuite> <!-- demo.ReadDatafromCmdTest -->
