<?xml version="1.0" encoding="UTF-8"?>
<!-- Generated by org.testng.reporters.JUnitReportReporter -->
<testsuite hostname="sravankumarc" failures="0" tests="1" name="testNg.prac.Group1" time="0.011" errors="0" timestamp="2023-01-03T10:11:57 IST" skipped="0">
  <testcase classname="testNg.prac.Group1" name="m1" time="0.011"/>
  <system-out/>
</testsuite> <!-- testNg.prac.Group1 -->
