<?xml version="1.0" encoding="UTF-8"?>
<!-- Generated by org.testng.reporters.JUnitReportReporter -->
<testsuite hostname="sravankumarc" failures="0" tests="1" name="com.extentReports.ExtentReports" time="6.301" errors="0" timestamp="2022-11-01T15:37:44 IST" skipped="0">
  <testcase classname="com.extentReports.ExtentReports" name="createReport" time="6.301"/>
  <system-out/>
</testsuite> <!-- com.extentReports.ExtentReports -->
