<?xml version="1.0" encoding="UTF-8"?>
<!-- Generated by org.testng.reporters.JUnitReportReporter -->
<testsuite hostname="sravankumarc" failures="0" tests="4" name="testNg.prac.Testnntest" time="0.014" errors="0" timestamp="2023-02-14T15:05:53 IST" skipped="1">
  <testcase classname="testNg.prac.Testnntest" name="m4" time="0.011"/>
  <system-out/>
  <testcase classname="testNg.prac.Testnntest" name="m4" time="0.002"/>
  <system-out/>
  <testcase classname="testNg.prac.Testnntest" name="m4" time="0.001"/>
  <system-out/>
  <testcase classname="testNg.prac.Testnntest" name="m1">
    <skipped/>
  </testcase> <!-- m1 -->
  <system-out/>
</testsuite> <!-- testNg.prac.Testnntest -->
