<?xml version="1.0" encoding="UTF-8"?>
<!-- Generated by org.testng.reporters.JUnitReportReporter -->
<testsuite hostname="sravankumarc" failures="0" tests="1" name="com.crm.vtigertestcases.Utility.CreateorganisationwithIndustrytypeTest" time="25.348" errors="0" timestamp="2022-10-21T00:47:11 IST" skipped="0">
  <testcase classname="com.crm.vtigertestcases.Utility.CreateorganisationwithIndustrytypeTest" name="createOrganisationwithIndustrytypeTest" time="25.348"/>
  <system-out/>
</testsuite> <!-- com.crm.vtigertestcases.Utility.CreateorganisationwithIndustrytypeTest -->
