<?xml version="1.0" encoding="UTF-8"?>
<!-- Generated by org.testng.reporters.JUnitReportReporter -->
<testsuite hostname="sravankumarc" failures="0" tests="6" name="testNg.prac.Groups" time="0.012" errors="0" timestamp="2023-01-02T20:43:21 IST" skipped="0">
  <testcase classname="testNg.prac.Groups" name="d" time="0.002"/>
  <system-out/>
  <testcase classname="testNg.prac.Groups" name="b" time="0.001"/>
  <system-out/>
  <testcase classname="testNg.prac.Groups" name="c" time="0.001"/>
  <system-out/>
  <testcase classname="testNg.prac.Groups" name="f" time="0.000"/>
  <system-out/>
  <testcase classname="testNg.prac.Groups" name="a" time="0.001"/>
  <system-out/>
  <testcase classname="testNg.prac.Groups" name="e" time="0.007"/>
  <system-out/>
</testsuite> <!-- testNg.prac.Groups -->
